<?xml version="1.0" encoding="UTF-8"?>
<!-- Generated by org.testng.reporters.JUnitXMLReporter -->
<testsuite hostname="DESKTOP-AMSJ8TE" failures="0" tests="4" name="Test" time="0.086" errors="0" timestamp="22 Jan 2024 16:58:47 GMT">
  <testcase classname="JavaSeleniumTraning.StreamsTest116" name="streamCollect" time="0.027"/>
  <testcase classname="JavaSeleniumTraning.StreamsTest116" name="streamFilter" time="0.011"/>
  <testcase classname="JavaSeleniumTraning.StreamsTest116" name="streamMap" time="0.012"/>
  <testcase classname="JavaSeleniumTraning.StreamsTestCopy" name="streamCollect" time="0.003"/>
</testsuite> <!-- Test -->
