<?xml version="1.0" encoding="UTF-8"?>
<testng-results total="1" passed="1" failed="0" skipped="0">
  <reporter-output>
  </reporter-output>
  <suite started-at="2024-02-15T15:58:53Z" name="Default suite" finished-at="2024-02-15T15:59:20Z" duration-ms="27264">
    <groups>
    </groups>
    <test started-at="2024-02-15T15:58:53Z" name="Default test" finished-at="2024-02-15T15:59:20Z" duration-ms="27264">
      <class name="JavaSeleniumTraning.GetUrl">
        <test-method is-config="true" signature="testing()[pri:0, instance:JavaSeleniumTraning.GetUrl@50468873]" started-at="2024-02-15T21:28:53Z" name="testing" finished-at="2024-02-15T21:28:54Z" duration-ms="888" status="PASS">
          <reporter-output>
          </reporter-output>
        </test-method> <!-- testing -->
        <test-method signature="main()[pri:0, instance:JavaSeleniumTraning.GetUrl@50468873]" started-at="2024-02-15T21:28:54Z" name="main" finished-at="2024-02-15T21:29:20Z" duration-ms="26339" status="PASS">
          <reporter-output>
          </reporter-output>
        </test-method> <!-- main -->
      </class> <!-- JavaSeleniumTraning.GetUrl -->
    </test> <!-- Default test -->
  </suite> <!-- Default suite -->
</testng-results>
